00:00:00.245156 VirtualBox GUI VM Selector Window 7.2.4 r170995 linux.amd64 (Oct 22 2025 16:59:14) release log
00:00:00.245158 Log opened 2025-11-01T20:55:01.006625000Z
00:00:00.245158 Build Type: release
00:00:00.245160 OS Product: Linux
00:00:00.245160 OS Release: 6.17.6-arch1-1
00:00:00.245161 OS Version: #1 SMP PREEMPT_DYNAMIC Wed, 29 Oct 2025 22:23:47 +0000
00:00:00.245177 DMI Product Name: Aspire TC-885
00:00:00.245183 DMI Product Version: 
00:00:00.245186 Firmware type: UEFI
00:00:00.245822 Secure Boot: Disabled
00:00:00.245852 Host RAM: 11838MB (11.5GB) total, 9804MB (9.5GB) available
00:00:00.245854 Executable: /usr/lib/virtualbox/VirtualBox
00:00:00.245855 Process ID: 9079
00:00:00.245855 Package type: LINUX_64BITS_GENERIC (OSE)
00:00:00.245874 Qt version: 6.10.0
00:00:00.246502 GUI: UIMediumEnumerator: Initial medium-enumeration finished!
00:00:00.256526 GUI: UIMediumEnumerator: Medium-enumeration started...
00:00:00.256535 GUI: UIMediumEnumerator: Medium-enumeration finished!
00:00:00.733297 GUI: UIDesktopWidgetWatchdog::sltHandleHostScreenAvailableGeometryCalculated: Screen 0 work area is actually resized to: 1280x17 x 640x1423
00:00:20.964514 GUI: UICommon: Handling aboutToQuit request..
00:00:22.036046 GUI: UICommon: aboutToQuit request handled!
